[debug] [2021-04-29T18:48:02.639Z] ----------------------------------------------------------------------
[debug] [2021-04-29T18:48:02.642Z] Command:       C:\Program Files\nodejs\node.exe C:\Users\A\AppData\Roaming\npm\node_modules\firebase-tools\lib\bin\firebase.js init
[debug] [2021-04-29T18:48:02.642Z] CLI Version:   9.10.0
[debug] [2021-04-29T18:48:02.642Z] Platform:      win32
[debug] [2021-04-29T18:48:02.642Z] Node Version:  v15.9.0
[debug] [2021-04-29T18:48:02.643Z] Time:          Thu Apr 29 2021 23:48:02 GMT+0500 (Pakistan Standard Time)
[debug] [2021-04-29T18:48:02.643Z] ----------------------------------------------------------------------
[debug] 
[debug] [2021-04-29T18:48:02.650Z] > command requires scopes: ["email","openid","https://www.googleapis.com/auth/cloudplatformprojects.readonly","https://www.googleapis.com/auth/firebase","https://www.googleapis.com/auth/cloud-platform"]
[debug] [2021-04-29T18:48:02.650Z] > authorizing via signed-in user (itsabdullahkhalid26@gmail.com)
[info] 
     ######## #### ########  ######## ########     ###     ######  ########
     ##        ##  ##     ## ##       ##     ##  ##   ##  ##       ##
     ######    ##  ########  ######   ########  #########  ######  ######
     ##        ##  ##    ##  ##       ##     ## ##     ##       ## ##
     ##       #### ##     ## ######## ########  ##     ##  ######  ########

You're about to initialize a Firebase project in this directory:

  D:\coding\Jadu\covid-tracker

[info] 
=== Project Setup
[info] 
[info] First, let's associate this project directory with a Firebase project.
[info] You can create multiple project aliases by running firebase use --add, 
[info] but for now we'll just set up a default project.
[info] 
[debug] [2021-04-29T18:48:09.662Z] >>> [apiv2][query] GET https://firebase.googleapis.com/v1beta1/projects pageSize=100
[debug] [2021-04-29T18:48:10.343Z] <<< [apiv2][status] GET https://firebase.googleapis.com/v1beta1/projects 200
[debug] [2021-04-29T18:48:10.343Z] <<< [apiv2][body] GET https://firebase.googleapis.com/v1beta1/projects [omitted]
